<?xml version="1.0" encoding="UTF-8"?>
<coverage generated="1771791371358" clover="3.2.0">
  <project timestamp="1771791371358" name="All files">
    <metrics statements="139" coveredstatements="139" conditionals="135" coveredconditionals="128" methods="18" coveredmethods="18" elements="292" coveredelements="285" complexity="0" loc="139" ncloc="139" packages="1" files="1" classes="1"/>
    <file name="ai-auto-mode-ui.js" path="/Users/ubusan-nb-ecr/Documents/UpenderImp/roulette-tracker-complete/app/ai-auto-mode-ui.js">
      <metrics statements="139" coveredstatements="139" conditionals="135" coveredconditionals="128" methods="18" coveredmethods="18"/>
      <line num="8" count="89" type="stmt"/>
      <line num="9" count="89" type="stmt"/>
      <line num="10" count="89" type="stmt"/>
      <line num="12" count="89" type="stmt"/>
      <line num="13" count="89" type="stmt"/>
      <line num="15" count="89" type="stmt"/>
      <line num="23" count="89" type="stmt"/>
      <line num="24" count="89" type="cond" truecount="2" falsecount="0"/>
      <line num="25" count="2" type="stmt"/>
      <line num="26" count="2" type="stmt"/>
      <line num="29" count="87" type="stmt"/>
      <line num="30" count="87" type="stmt"/>
      <line num="31" count="87" type="stmt"/>
      <line num="32" count="87" type="stmt"/>
      <line num="66" count="87" type="stmt"/>
      <line num="70" count="89" type="stmt"/>
      <line num="71" count="89" type="stmt"/>
      <line num="72" count="89" type="stmt"/>
      <line num="74" count="89" type="cond" truecount="2" falsecount="0"/>
      <line num="75" count="87" type="stmt"/>
      <line num="76" count="2" type="cond" truecount="2" falsecount="0"/>
      <line num="80" count="89" type="cond" truecount="2" falsecount="0"/>
      <line num="81" count="87" type="stmt"/>
      <line num="82" count="2" type="cond" truecount="2" falsecount="0"/>
      <line num="86" count="89" type="cond" truecount="2" falsecount="0"/>
      <line num="87" count="87" type="stmt"/>
      <line num="95" count="25" type="cond" truecount="3" falsecount="1"/>
      <line num="97" count="25" type="cond" truecount="2" falsecount="0"/>
      <line num="99" count="17" type="cond" truecount="4" falsecount="0"/>
      <line num="100" count="2" type="stmt"/>
      <line num="101" count="2" type="stmt"/>
      <line num="104" count="15" type="stmt"/>
      <line num="105" count="15" type="stmt"/>
      <line num="108" count="15" type="cond" truecount="4" falsecount="0"/>
      <line num="109" count="2" type="stmt"/>
      <line num="113" count="8" type="stmt"/>
      <line num="114" count="8" type="cond" truecount="2" falsecount="0"/>
      <line num="116" count="8" type="cond" truecount="4" falsecount="0"/>
      <line num="117" count="1" type="stmt"/>
      <line num="121" count="23" type="stmt"/>
      <line num="122" count="23" type="stmt"/>
      <line num="124" count="23" type="stmt"/>
      <line num="125" count="23" type="cond" truecount="2" falsecount="0"/>
      <line num="126" count="22" type="cond" truecount="2" falsecount="0"/>
      <line num="129" count="23" type="cond" truecount="2" falsecount="0"/>
      <line num="133" count="28" type="stmt"/>
      <line num="134" count="28" type="stmt"/>
      <line num="136" count="28" type="cond" truecount="2" falsecount="0"/>
      <line num="137" count="27" type="cond" truecount="2" falsecount="0"/>
      <line num="138" count="27" type="cond" truecount="2" falsecount="0"/>
      <line num="139" count="27" type="cond" truecount="2" falsecount="0"/>
      <line num="142" count="28" type="cond" truecount="2" falsecount="0"/>
      <line num="143" count="27" type="cond" truecount="2" falsecount="0"/>
      <line num="144" count="27" type="cond" truecount="2" falsecount="0"/>
      <line num="145" count="27" type="cond" truecount="2" falsecount="0"/>
      <line num="153" count="12" type="cond" truecount="3" falsecount="1"/>
      <line num="154" count="12" type="cond" truecount="3" falsecount="1"/>
      <line num="156" count="12" type="cond" truecount="4" falsecount="0"/>
      <line num="157" count="1" type="stmt"/>
      <line num="158" count="1" type="stmt"/>
      <line num="162" count="11" type="stmt"/>
      <line num="163" count="11" type="stmt"/>
      <line num="165" count="11" type="stmt"/>
      <line num="166" count="11" type="stmt"/>
      <line num="169" count="11" type="cond" truecount="5" falsecount="0"/>
      <line num="170" count="8" type="stmt"/>
      <line num="171" count="8" type="cond" truecount="4" falsecount="0"/>
      <line num="172" count="6" type="stmt"/>
      <line num="176" count="11" type="cond" truecount="2" falsecount="0"/>
      <line num="177" count="6" type="stmt"/>
      <line num="178" count="6" type="stmt"/>
      <line num="179" count="6" type="stmt"/>
      <line num="182" count="5" type="stmt"/>
      <line num="184" count="5" type="stmt"/>
      <line num="186" count="5" type="cond" truecount="2" falsecount="0"/>
      <line num="187" count="2" type="stmt"/>
      <line num="188" count="2" type="stmt"/>
      <line num="191" count="3" type="stmt"/>
      <line num="194" count="3" type="stmt"/>
      <line num="195" count="3" type="stmt"/>
      <line num="197" count="2" type="stmt"/>
      <line num="199" count="2" type="stmt"/>
      <line num="201" count="2" type="stmt"/>
      <line num="204" count="1" type="stmt"/>
      <line num="205" count="1" type="stmt"/>
      <line num="213" count="7" type="stmt"/>
      <line num="214" count="7" type="stmt"/>
      <line num="216" count="7" type="cond" truecount="2" falsecount="0"/>
      <line num="217" count="6" type="cond" truecount="2" falsecount="0"/>
      <line num="218" count="2" type="stmt"/>
      <line num="219" count="2" type="stmt"/>
      <line num="221" count="4" type="stmt"/>
      <line num="222" count="4" type="stmt"/>
      <line num="226" count="7" type="cond" truecount="2" falsecount="0"/>
      <line num="227" count="6" type="cond" truecount="3" falsecount="1"/>
      <line num="228" count="6" type="cond" truecount="2" falsecount="0"/>
      <line num="229" count="6" type="cond" truecount="2" falsecount="0"/>
      <line num="230" count="6" type="stmt"/>
      <line num="238" count="40" type="stmt"/>
      <line num="239" count="40" type="stmt"/>
      <line num="240" count="40" type="stmt"/>
      <line num="242" count="40" type="cond" truecount="2" falsecount="0"/>
      <line num="243" count="39" type="cond" truecount="2" falsecount="0"/>
      <line num="245" count="40" type="cond" truecount="2" falsecount="0"/>
      <line num="246" count="39" type="stmt"/>
      <line num="248" count="40" type="cond" truecount="2" falsecount="0"/>
      <line num="249" count="39" type="cond" truecount="2" falsecount="0"/>
      <line num="253" count="40" type="stmt"/>
      <line num="254" count="40" type="cond" truecount="4" falsecount="0"/>
      <line num="255" count="37" type="stmt"/>
      <line num="263" count="10" type="cond" truecount="3" falsecount="1"/>
      <line num="264" count="10" type="stmt"/>
      <line num="266" count="10" type="cond" truecount="4" falsecount="0"/>
      <line num="268" count="8" type="cond" truecount="2" falsecount="0"/>
      <line num="269" count="7" type="stmt"/>
      <line num="270" count="7" type="cond" truecount="2" falsecount="0"/>
      <line num="273" count="7" type="stmt"/>
      <line num="274" count="7" type="stmt"/>
      <line num="275" count="7" type="stmt"/>
      <line num="277" count="1" type="stmt"/>
      <line num="278" count="1" type="stmt"/>
      <line num="287" count="22" type="stmt"/>
      <line num="288" count="22" type="cond" truecount="2" falsecount="0"/>
      <line num="289" count="21" type="cond" truecount="2" falsecount="0"/>
      <line num="297" count="28" type="stmt"/>
      <line num="298" count="28" type="stmt"/>
      <line num="299" count="78" type="cond" truecount="2" falsecount="0"/>
      <line num="305" count="2" type="cond" truecount="3" falsecount="1"/>
      <line num="306" count="2" type="stmt"/>
      <line num="308" count="2" type="cond" truecount="1" falsecount="1"/>
      <line num="310" count="2" type="cond" truecount="2" falsecount="0"/>
      <line num="311" count="2" type="cond" truecount="2" falsecount="0"/>
      <line num="314" count="2" type="stmt"/>
      <line num="315" count="1" type="stmt"/>
      <line num="316" count="1" type="stmt"/>
      <line num="317" count="1" type="stmt"/>
      <line num="318" count="1" type="stmt"/>
      <line num="319" count="1" type="stmt"/>
      <line num="324" count="2" type="stmt"/>
    </file>
  </project>
</coverage>
