{"/Users/ubusan-nb-ecr/Documents/UpenderImp/roulette-tracker-complete/tests/test-setup.js": {"path":"/Users/ubusan-nb-ecr/Documents/UpenderImp/roulette-tracker-complete/tests/test-setup.js","statementMap":{"0":{"start":{"line":9,"column":11},"end":{"line":9,"column":24}},"1":{"start":{"line":10,"column":13},"end":{"line":10,"column":28}},"2":{"start":{"line":16,"column":4},"end":{"line":78,"column":6}},"3":{"start":{"line":86,"column":16},"end":{"line":89,"column":5}},"4":{"start":{"line":90,"column":4},"end":{"line":90,"column":15}},"5":{"start":{"line":98,"column":16},"end":{"line":98,"column":36}},"6":{"start":{"line":101,"column":20},"end":{"line":101,"column":22}},"7":{"start":{"line":102,"column":24},"end":{"line":176,"column":5}},"8":{"start":{"line":178,"column":4},"end":{"line":184,"column":5}},"9":{"start":{"line":179,"column":24},"end":{"line":179,"column":41}},"10":{"start":{"line":180,"column":8},"end":{"line":180,"column":25}},"11":{"start":{"line":182,"column":8},"end":{"line":182,"column":71}},"12":{"start":{"line":186,"column":4},"end":{"line":186,"column":19}},"13":{"start":{"line":193,"column":16},"end":{"line":196,"column":5}},"14":{"start":{"line":197,"column":4},"end":{"line":197,"column":15}},"15":{"start":{"line":205,"column":4},"end":{"line":205,"column":15}},"16":{"start":{"line":207,"column":16},"end":{"line":207,"column":38}},"17":{"start":{"line":210,"column":24},"end":{"line":221,"column":5}},"18":{"start":{"line":223,"column":4},"end":{"line":229,"column":5}},"19":{"start":{"line":224,"column":37},"end":{"line":224,"column":54}},"20":{"start":{"line":225,"column":8},"end":{"line":225,"column":42}},"21":{"start":{"line":227,"column":8},"end":{"line":227,"column":65}},"22":{"start":{"line":228,"column":8},"end":{"line":228,"column":20}},"23":{"start":{"line":232,"column":0},"end":{"line":238,"column":2}}},"fnMap":{"0":{"name":"setupDOM","decl":{"start":{"line":15,"column":9},"end":{"line":15,"column":17}},"loc":{"start":{"line":15,"column":20},"end":{"line":79,"column":1}},"line":15},"1":{"name":"loadRendererSource","decl":{"start":{"line":85,"column":9},"end":{"line":85,"column":27}},"loc":{"start":{"line":85,"column":30},"end":{"line":91,"column":1}},"line":85},"2":{"name":"loadRendererFunctions","decl":{"start":{"line":97,"column":9},"end":{"line":97,"column":30}},"loc":{"start":{"line":97,"column":33},"end":{"line":187,"column":1}},"line":97},"3":{"name":"loadMoneyPanelSource","decl":{"start":{"line":192,"column":9},"end":{"line":192,"column":29}},"loc":{"start":{"line":192,"column":32},"end":{"line":198,"column":1}},"line":192},"4":{"name":"createMoneyPanel","decl":{"start":{"line":203,"column":9},"end":{"line":203,"column":25}},"loc":{"start":{"line":203,"column":28},"end":{"line":230,"column":1}},"line":203}},"branchMap":{},"s":{"0":16,"1":16,"2":663,"3":78,"4":78,"5":78,"6":78,"7":78,"8":78,"9":78,"10":78,"11":0,"12":78,"13":159,"14":159,"15":159,"16":159,"17":159,"18":159,"19":159,"20":159,"21":0,"22":0,"23":16},"f":{"0":663,"1":78,"2":78,"3":159,"4":159},"b":{},"_coverageSchema":"1a1c01bbd47fc00a2c39e90264f33305004495a9","hash":"135ec3a9c7607ac19d7d172aee3b811a4ee25be8"}
}
