{"/Users/ubusan-nb-ecr/Documents/UpenderImp/roulette-tracker-complete/app/ai-auto-mode-ui.js": {"path":"/Users/ubusan-nb-ecr/Documents/UpenderImp/roulette-tracker-complete/app/ai-auto-mode-ui.js","statementMap":{"0":{"start":{"line":8,"column":8},"end":{"line":8,"column":32}},"1":{"start":{"line":9,"column":8},"end":{"line":9,"column":27}},"2":{"start":{"line":10,"column":8},"end":{"line":10,"column":31}},"3":{"start":{"line":12,"column":8},"end":{"line":12,"column":24}},"4":{"start":{"line":13,"column":8},"end":{"line":13,"column":35}},"5":{"start":{"line":15,"column":8},"end":{"line":15,"column":53}},"6":{"start":{"line":23,"column":29},"end":{"line":23,"column":70}},"7":{"start":{"line":24,"column":8},"end":{"line":27,"column":9}},"8":{"start":{"line":25,"column":12},"end":{"line":25,"column":79}},"9":{"start":{"line":26,"column":12},"end":{"line":26,"column":19}},"10":{"start":{"line":29,"column":28},"end":{"line":29,"column":57}},"11":{"start":{"line":30,"column":8},"end":{"line":30,"column":43}},"12":{"start":{"line":31,"column":8},"end":{"line":31,"column":151}},"13":{"start":{"line":32,"column":8},"end":{"line":63,"column":10}},"14":{"start":{"line":66,"column":8},"end":{"line":66,"column":72}},"15":{"start":{"line":70,"column":26},"end":{"line":70,"column":66}},"16":{"start":{"line":71,"column":24},"end":{"line":71,"column":62}},"17":{"start":{"line":72,"column":25},"end":{"line":72,"column":60}},"18":{"start":{"line":74,"column":8},"end":{"line":78,"column":9}},"19":{"start":{"line":75,"column":12},"end":{"line":77,"column":15}},"20":{"start":{"line":76,"column":16},"end":{"line":76,"column":55}},"21":{"start":{"line":76,"column":37},"end":{"line":76,"column":55}},"22":{"start":{"line":80,"column":8},"end":{"line":84,"column":9}},"23":{"start":{"line":81,"column":12},"end":{"line":83,"column":15}},"24":{"start":{"line":82,"column":16},"end":{"line":82,"column":56}},"25":{"start":{"line":82,"column":38},"end":{"line":82,"column":56}},"26":{"start":{"line":86,"column":8},"end":{"line":88,"column":9}},"27":{"start":{"line":87,"column":12},"end":{"line":87,"column":75}},"28":{"start":{"line":87,"column":53},"end":{"line":87,"column":73}},"29":{"start":{"line":95,"column":23},"end":{"line":95,"column":98}},"30":{"start":{"line":97,"column":8},"end":{"line":119,"column":9}},"31":{"start":{"line":99,"column":12},"end":{"line":102,"column":13}},"32":{"start":{"line":100,"column":16},"end":{"line":100,"column":78}},"33":{"start":{"line":101,"column":16},"end":{"line":101,"column":23}},"34":{"start":{"line":104,"column":12},"end":{"line":104,"column":35}},"35":{"start":{"line":105,"column":12},"end":{"line":105,"column":28}},"36":{"start":{"line":108,"column":12},"end":{"line":110,"column":13}},"37":{"start":{"line":109,"column":16},"end":{"line":109,"column":64}},"38":{"start":{"line":113,"column":12},"end":{"line":113,"column":36}},"39":{"start":{"line":114,"column":12},"end":{"line":114,"column":41}},"40":{"start":{"line":114,"column":24},"end":{"line":114,"column":41}},"41":{"start":{"line":116,"column":12},"end":{"line":118,"column":13}},"42":{"start":{"line":117,"column":16},"end":{"line":117,"column":65}},"43":{"start":{"line":121,"column":8},"end":{"line":121,"column":34}},"44":{"start":{"line":122,"column":8},"end":{"line":122,"column":51}},"45":{"start":{"line":124,"column":26},"end":{"line":124,"column":67}},"46":{"start":{"line":125,"column":8},"end":{"line":127,"column":9}},"47":{"start":{"line":126,"column":12},"end":{"line":126,"column":73}},"48":{"start":{"line":129,"column":8},"end":{"line":129,"column":82}},"49":{"start":{"line":133,"column":26},"end":{"line":133,"column":66}},"50":{"start":{"line":134,"column":24},"end":{"line":134,"column":62}},"51":{"start":{"line":136,"column":8},"end":{"line":140,"column":9}},"52":{"start":{"line":137,"column":12},"end":{"line":137,"column":85}},"53":{"start":{"line":138,"column":12},"end":{"line":138,"column":74}},"54":{"start":{"line":139,"column":12},"end":{"line":139,"column":82}},"55":{"start":{"line":142,"column":8},"end":{"line":146,"column":9}},"56":{"start":{"line":143,"column":12},"end":{"line":143,"column":83}},"57":{"start":{"line":144,"column":12},"end":{"line":144,"column":72}},"58":{"start":{"line":145,"column":12},"end":{"line":145,"column":80}},"59":{"start":{"line":153,"column":23},"end":{"line":153,"column":102}},"60":{"start":{"line":154,"column":23},"end":{"line":154,"column":98}},"61":{"start":{"line":156,"column":8},"end":{"line":159,"column":9}},"62":{"start":{"line":157,"column":12},"end":{"line":157,"column":67}},"63":{"start":{"line":158,"column":12},"end":{"line":158,"column":19}},"64":{"start":{"line":162,"column":8},"end":{"line":162,"column":42}},"65":{"start":{"line":163,"column":8},"end":{"line":163,"column":64}},"66":{"start":{"line":165,"column":8},"end":{"line":206,"column":9}},"67":{"start":{"line":166,"column":24},"end":{"line":166,"column":26}},"68":{"start":{"line":169,"column":12},"end":{"line":174,"column":13}},"69":{"start":{"line":170,"column":31},"end":{"line":170,"column":70}},"70":{"start":{"line":171,"column":16},"end":{"line":173,"column":17}},"71":{"start":{"line":172,"column":20},"end":{"line":172,"column":41}},"72":{"start":{"line":176,"column":12},"end":{"line":180,"column":13}},"73":{"start":{"line":177,"column":16},"end":{"line":177,"column":83}},"74":{"start":{"line":178,"column":16},"end":{"line":178,"column":64}},"75":{"start":{"line":179,"column":16},"end":{"line":179,"column":23}},"76":{"start":{"line":182,"column":12},"end":{"line":182,"column":82}},"77":{"start":{"line":184,"column":31},"end":{"line":184,"column":57}},"78":{"start":{"line":186,"column":12},"end":{"line":189,"column":13}},"79":{"start":{"line":187,"column":16},"end":{"line":187,"column":74}},"80":{"start":{"line":188,"column":16},"end":{"line":188,"column":23}},"81":{"start":{"line":191,"column":12},"end":{"line":191,"column":93}},"82":{"start":{"line":194,"column":34},"end":{"line":194,"column":71}},"83":{"start":{"line":194,"column":63},"end":{"line":194,"column":70}},"84":{"start":{"line":195,"column":32},"end":{"line":195,"column":59}},"85":{"start":{"line":197,"column":12},"end":{"line":197,"column":152}},"86":{"start":{"line":199,"column":12},"end":{"line":199,"column":32}},"87":{"start":{"line":201,"column":12},"end":{"line":201,"column":61}},"88":{"start":{"line":204,"column":12},"end":{"line":204,"column":79}},"89":{"start":{"line":205,"column":12},"end":{"line":205,"column":55}},"90":{"start":{"line":213,"column":27},"end":{"line":213,"column":69}},"91":{"start":{"line":214,"column":23},"end":{"line":214,"column":61}},"92":{"start":{"line":216,"column":8},"end":{"line":224,"column":9}},"93":{"start":{"line":217,"column":12},"end":{"line":223,"column":13}},"94":{"start":{"line":218,"column":16},"end":{"line":218,"column":132}},"95":{"start":{"line":219,"column":16},"end":{"line":219,"column":51}},"96":{"start":{"line":221,"column":16},"end":{"line":221,"column":72}},"97":{"start":{"line":222,"column":16},"end":{"line":222,"column":51}},"98":{"start":{"line":226,"column":8},"end":{"line":231,"column":9}},"99":{"start":{"line":227,"column":27},"end":{"line":227,"column":102}},"100":{"start":{"line":228,"column":26},"end":{"line":228,"column":70}},"101":{"start":{"line":229,"column":24},"end":{"line":229,"column":63}},"102":{"start":{"line":230,"column":12},"end":{"line":230,"column":58}},"103":{"start":{"line":238,"column":28},"end":{"line":238,"column":71}},"104":{"start":{"line":239,"column":24},"end":{"line":239,"column":71}},"105":{"start":{"line":240,"column":24},"end":{"line":240,"column":71}},"106":{"start":{"line":242,"column":8},"end":{"line":244,"column":9}},"107":{"start":{"line":243,"column":12},"end":{"line":243,"column":71}},"108":{"start":{"line":245,"column":8},"end":{"line":247,"column":9}},"109":{"start":{"line":246,"column":12},"end":{"line":246,"column":48}},"110":{"start":{"line":248,"column":8},"end":{"line":250,"column":9}},"111":{"start":{"line":249,"column":12},"end":{"line":249,"column":59}},"112":{"start":{"line":253,"column":25},"end":{"line":253,"column":66}},"113":{"start":{"line":254,"column":8},"end":{"line":256,"column":9}},"114":{"start":{"line":255,"column":12},"end":{"line":255,"column":43}},"115":{"start":{"line":263,"column":23},"end":{"line":263,"column":98}},"116":{"start":{"line":264,"column":25},"end":{"line":264,"column":66}},"117":{"start":{"line":266,"column":8},"end":{"line":266,"column":41}},"118":{"start":{"line":266,"column":34},"end":{"line":266,"column":41}},"119":{"start":{"line":268,"column":8},"end":{"line":279,"column":9}},"120":{"start":{"line":269,"column":26},"end":{"line":269,"column":43}},"121":{"start":{"line":270,"column":31},"end":{"line":272,"column":20}},"122":{"start":{"line":273,"column":12},"end":{"line":273,"column":92}},"123":{"start":{"line":274,"column":12},"end":{"line":274,"column":45}},"124":{"start":{"line":275,"column":12},"end":{"line":275,"column":46}},"125":{"start":{"line":277,"column":12},"end":{"line":277,"column":76}},"126":{"start":{"line":278,"column":12},"end":{"line":278,"column":45}},"127":{"start":{"line":287,"column":20},"end":{"line":287,"column":64}},"128":{"start":{"line":288,"column":8},"end":{"line":290,"column":9}},"129":{"start":{"line":289,"column":12},"end":{"line":289,"column":59}},"130":{"start":{"line":297,"column":25},"end":{"line":297,"column":78}},"131":{"start":{"line":298,"column":8},"end":{"line":300,"column":11}},"132":{"start":{"line":299,"column":12},"end":{"line":299,"column":66}},"133":{"start":{"line":305,"column":0},"end":{"line":307,"column":1}},"134":{"start":{"line":306,"column":4},"end":{"line":306,"column":38}},"135":{"start":{"line":308,"column":0},"end":{"line":322,"column":1}},"136":{"start":{"line":310,"column":4},"end":{"line":310,"column":96}},"137":{"start":{"line":311,"column":4},"end":{"line":311,"column":96}},"138":{"start":{"line":314,"column":4},"end":{"line":321,"column":7}},"139":{"start":{"line":315,"column":8},"end":{"line":320,"column":16}},"140":{"start":{"line":316,"column":12},"end":{"line":316,"column":53}},"141":{"start":{"line":317,"column":12},"end":{"line":317,"column":61}},"142":{"start":{"line":318,"column":12},"end":{"line":318,"column":65}},"143":{"start":{"line":319,"column":12},"end":{"line":319,"column":52}},"144":{"start":{"line":324,"column":0},"end":{"line":324,"column":47}}},"fnMap":{"0":{"name":"(anonymous_0)","decl":{"start":{"line":7,"column":4},"end":{"line":7,"column":5}},"loc":{"start":{"line":7,"column":18},"end":{"line":16,"column":5}},"line":7},"1":{"name":"(anonymous_1)","decl":{"start":{"line":22,"column":4},"end":{"line":22,"column":5}},"loc":{"start":{"line":22,"column":15},"end":{"line":67,"column":5}},"line":22},"2":{"name":"(anonymous_2)","decl":{"start":{"line":69,"column":4},"end":{"line":69,"column":5}},"loc":{"start":{"line":69,"column":26},"end":{"line":89,"column":5}},"line":69},"3":{"name":"(anonymous_3)","decl":{"start":{"line":75,"column":48},"end":{"line":75,"column":49}},"loc":{"start":{"line":75,"column":54},"end":{"line":77,"column":13}},"line":75},"4":{"name":"(anonymous_4)","decl":{"start":{"line":81,"column":46},"end":{"line":81,"column":47}},"loc":{"start":{"line":81,"column":52},"end":{"line":83,"column":13}},"line":81},"5":{"name":"(anonymous_5)","decl":{"start":{"line":87,"column":47},"end":{"line":87,"column":48}},"loc":{"start":{"line":87,"column":53},"end":{"line":87,"column":73}},"line":87},"6":{"name":"(anonymous_6)","decl":{"start":{"line":94,"column":4},"end":{"line":94,"column":5}},"loc":{"start":{"line":94,"column":17},"end":{"line":130,"column":5}},"line":94},"7":{"name":"(anonymous_7)","decl":{"start":{"line":132,"column":4},"end":{"line":132,"column":5}},"loc":{"start":{"line":132,"column":25},"end":{"line":147,"column":5}},"line":132},"8":{"name":"(anonymous_8)","decl":{"start":{"line":152,"column":4},"end":{"line":152,"column":5}},"loc":{"start":{"line":152,"column":26},"end":{"line":207,"column":5}},"line":152},"9":{"name":"(anonymous_9)","decl":{"start":{"line":194,"column":58},"end":{"line":194,"column":59}},"loc":{"start":{"line":194,"column":63},"end":{"line":194,"column":70}},"line":194},"10":{"name":"(anonymous_10)","decl":{"start":{"line":212,"column":4},"end":{"line":212,"column":5}},"loc":{"start":{"line":212,"column":36},"end":{"line":232,"column":5}},"line":212},"11":{"name":"(anonymous_11)","decl":{"start":{"line":237,"column":4},"end":{"line":237,"column":5}},"loc":{"start":{"line":237,"column":45},"end":{"line":257,"column":5}},"line":237},"12":{"name":"(anonymous_12)","decl":{"start":{"line":262,"column":4},"end":{"line":262,"column":5}},"loc":{"start":{"line":262,"column":19},"end":{"line":280,"column":5}},"line":262},"13":{"name":"(anonymous_13)","decl":{"start":{"line":286,"column":4},"end":{"line":286,"column":5}},"loc":{"start":{"line":286,"column":36},"end":{"line":291,"column":5}},"line":286},"14":{"name":"(anonymous_14)","decl":{"start":{"line":296,"column":4},"end":{"line":296,"column":5}},"loc":{"start":{"line":296,"column":36},"end":{"line":301,"column":5}},"line":296},"15":{"name":"(anonymous_15)","decl":{"start":{"line":298,"column":25},"end":{"line":298,"column":26}},"loc":{"start":{"line":298,"column":36},"end":{"line":300,"column":9}},"line":298},"16":{"name":"(anonymous_16)","decl":{"start":{"line":314,"column":50},"end":{"line":314,"column":51}},"loc":{"start":{"line":314,"column":56},"end":{"line":321,"column":5}},"line":314},"17":{"name":"(anonymous_17)","decl":{"start":{"line":315,"column":19},"end":{"line":315,"column":20}},"loc":{"start":{"line":315,"column":25},"end":{"line":320,"column":9}},"line":315}},"branchMap":{"0":{"loc":{"start":{"line":24,"column":8},"end":{"line":27,"column":9}},"type":"if","locations":[{"start":{"line":24,"column":8},"end":{"line":27,"column":9}},{"start":{},"end":{}}],"line":24},"1":{"loc":{"start":{"line":74,"column":8},"end":{"line":78,"column":9}},"type":"if","locations":[{"start":{"line":74,"column":8},"end":{"line":78,"column":9}},{"start":{},"end":{}}],"line":74},"2":{"loc":{"start":{"line":76,"column":16},"end":{"line":76,"column":55}},"type":"if","locations":[{"start":{"line":76,"column":16},"end":{"line":76,"column":55}},{"start":{},"end":{}}],"line":76},"3":{"loc":{"start":{"line":80,"column":8},"end":{"line":84,"column":9}},"type":"if","locations":[{"start":{"line":80,"column":8},"end":{"line":84,"column":9}},{"start":{},"end":{}}],"line":80},"4":{"loc":{"start":{"line":82,"column":16},"end":{"line":82,"column":56}},"type":"if","locations":[{"start":{"line":82,"column":16},"end":{"line":82,"column":56}},{"start":{},"end":{}}],"line":82},"5":{"loc":{"start":{"line":86,"column":8},"end":{"line":88,"column":9}},"type":"if","locations":[{"start":{"line":86,"column":8},"end":{"line":88,"column":9}},{"start":{},"end":{}}],"line":86},"6":{"loc":{"start":{"line":95,"column":23},"end":{"line":95,"column":98}},"type":"binary-expr","locations":[{"start":{"line":95,"column":23},"end":{"line":95,"column":34}},{"start":{"line":95,"column":39},"end":{"line":95,"column":97}}],"line":95},"7":{"loc":{"start":{"line":95,"column":39},"end":{"line":95,"column":97}},"type":"cond-expr","locations":[{"start":{"line":95,"column":71},"end":{"line":95,"column":90}},{"start":{"line":95,"column":93},"end":{"line":95,"column":97}}],"line":95},"8":{"loc":{"start":{"line":97,"column":8},"end":{"line":119,"column":9}},"type":"if","locations":[{"start":{"line":97,"column":8},"end":{"line":119,"column":9}},{"start":{"line":111,"column":15},"end":{"line":119,"column":9}}],"line":97},"9":{"loc":{"start":{"line":99,"column":12},"end":{"line":102,"column":13}},"type":"if","locations":[{"start":{"line":99,"column":12},"end":{"line":102,"column":13}},{"start":{},"end":{}}],"line":99},"10":{"loc":{"start":{"line":99,"column":16},"end":{"line":99,"column":44}},"type":"binary-expr","locations":[{"start":{"line":99,"column":16},"end":{"line":99,"column":23}},{"start":{"line":99,"column":27},"end":{"line":99,"column":44}}],"line":99},"11":{"loc":{"start":{"line":108,"column":12},"end":{"line":110,"column":13}},"type":"if","locations":[{"start":{"line":108,"column":12},"end":{"line":110,"column":13}},{"start":{},"end":{}}],"line":108},"12":{"loc":{"start":{"line":108,"column":16},"end":{"line":108,"column":78}},"type":"binary-expr","locations":[{"start":{"line":108,"column":16},"end":{"line":108,"column":45}},{"start":{"line":108,"column":49},"end":{"line":108,"column":78}}],"line":108},"13":{"loc":{"start":{"line":114,"column":12},"end":{"line":114,"column":41}},"type":"if","locations":[{"start":{"line":114,"column":12},"end":{"line":114,"column":41}},{"start":{},"end":{}}],"line":114},"14":{"loc":{"start":{"line":116,"column":12},"end":{"line":118,"column":13}},"type":"if","locations":[{"start":{"line":116,"column":12},"end":{"line":118,"column":13}},{"start":{},"end":{}}],"line":116},"15":{"loc":{"start":{"line":116,"column":16},"end":{"line":116,"column":78}},"type":"binary-expr","locations":[{"start":{"line":116,"column":16},"end":{"line":116,"column":45}},{"start":{"line":116,"column":49},"end":{"line":116,"column":78}}],"line":116},"16":{"loc":{"start":{"line":125,"column":8},"end":{"line":127,"column":9}},"type":"if","locations":[{"start":{"line":125,"column":8},"end":{"line":127,"column":9}},{"start":{},"end":{}}],"line":125},"17":{"loc":{"start":{"line":126,"column":38},"end":{"line":126,"column":72}},"type":"cond-expr","locations":[{"start":{"line":126,"column":56},"end":{"line":126,"column":63}},{"start":{"line":126,"column":66},"end":{"line":126,"column":72}}],"line":126},"18":{"loc":{"start":{"line":129,"column":43},"end":{"line":129,"column":78}},"type":"cond-expr","locations":[{"start":{"line":129,"column":61},"end":{"line":129,"column":67}},{"start":{"line":129,"column":70},"end":{"line":129,"column":78}}],"line":129},"19":{"loc":{"start":{"line":136,"column":8},"end":{"line":140,"column":9}},"type":"if","locations":[{"start":{"line":136,"column":8},"end":{"line":140,"column":9}},{"start":{},"end":{}}],"line":136},"20":{"loc":{"start":{"line":137,"column":41},"end":{"line":137,"column":84}},"type":"cond-expr","locations":[{"start":{"line":137,"column":59},"end":{"line":137,"column":72}},{"start":{"line":137,"column":75},"end":{"line":137,"column":84}}],"line":137},"21":{"loc":{"start":{"line":138,"column":36},"end":{"line":138,"column":73}},"type":"cond-expr","locations":[{"start":{"line":138,"column":54},"end":{"line":138,"column":63}},{"start":{"line":138,"column":66},"end":{"line":138,"column":73}}],"line":138},"22":{"loc":{"start":{"line":139,"column":42},"end":{"line":139,"column":81}},"type":"cond-expr","locations":[{"start":{"line":139,"column":60},"end":{"line":139,"column":69}},{"start":{"line":139,"column":72},"end":{"line":139,"column":81}}],"line":139},"23":{"loc":{"start":{"line":142,"column":8},"end":{"line":146,"column":9}},"type":"if","locations":[{"start":{"line":142,"column":8},"end":{"line":146,"column":9}},{"start":{},"end":{}}],"line":142},"24":{"loc":{"start":{"line":143,"column":39},"end":{"line":143,"column":82}},"type":"cond-expr","locations":[{"start":{"line":143,"column":57},"end":{"line":143,"column":66}},{"start":{"line":143,"column":69},"end":{"line":143,"column":82}}],"line":143},"25":{"loc":{"start":{"line":144,"column":34},"end":{"line":144,"column":71}},"type":"cond-expr","locations":[{"start":{"line":144,"column":52},"end":{"line":144,"column":59}},{"start":{"line":144,"column":62},"end":{"line":144,"column":71}}],"line":144},"26":{"loc":{"start":{"line":145,"column":40},"end":{"line":145,"column":79}},"type":"cond-expr","locations":[{"start":{"line":145,"column":58},"end":{"line":145,"column":67}},{"start":{"line":145,"column":70},"end":{"line":145,"column":79}}],"line":145},"27":{"loc":{"start":{"line":153,"column":23},"end":{"line":153,"column":102}},"type":"binary-expr","locations":[{"start":{"line":153,"column":23},"end":{"line":153,"column":38}},{"start":{"line":153,"column":43},"end":{"line":153,"column":101}}],"line":153},"28":{"loc":{"start":{"line":153,"column":43},"end":{"line":153,"column":101}},"type":"cond-expr","locations":[{"start":{"line":153,"column":75},"end":{"line":153,"column":94}},{"start":{"line":153,"column":97},"end":{"line":153,"column":101}}],"line":153},"29":{"loc":{"start":{"line":154,"column":23},"end":{"line":154,"column":98}},"type":"binary-expr","locations":[{"start":{"line":154,"column":23},"end":{"line":154,"column":34}},{"start":{"line":154,"column":39},"end":{"line":154,"column":97}}],"line":154},"30":{"loc":{"start":{"line":154,"column":39},"end":{"line":154,"column":97}},"type":"cond-expr","locations":[{"start":{"line":154,"column":71},"end":{"line":154,"column":90}},{"start":{"line":154,"column":93},"end":{"line":154,"column":97}}],"line":154},"31":{"loc":{"start":{"line":156,"column":8},"end":{"line":159,"column":9}},"type":"if","locations":[{"start":{"line":156,"column":8},"end":{"line":159,"column":9}},{"start":{},"end":{}}],"line":156},"32":{"loc":{"start":{"line":156,"column":12},"end":{"line":156,"column":30}},"type":"binary-expr","locations":[{"start":{"line":156,"column":12},"end":{"line":156,"column":19}},{"start":{"line":156,"column":23},"end":{"line":156,"column":30}}],"line":156},"33":{"loc":{"start":{"line":169,"column":12},"end":{"line":174,"column":13}},"type":"if","locations":[{"start":{"line":169,"column":12},"end":{"line":174,"column":13}},{"start":{},"end":{}}],"line":169},"34":{"loc":{"start":{"line":169,"column":16},"end":{"line":169,"column":118}},"type":"binary-expr","locations":[{"start":{"line":169,"column":16},"end":{"line":169,"column":45}},{"start":{"line":169,"column":49},"end":{"line":169,"column":61}},{"start":{"line":169,"column":65},"end":{"line":169,"column":118}}],"line":169},"35":{"loc":{"start":{"line":171,"column":16},"end":{"line":173,"column":17}},"type":"if","locations":[{"start":{"line":171,"column":16},"end":{"line":173,"column":17}},{"start":{},"end":{}}],"line":171},"36":{"loc":{"start":{"line":171,"column":20},"end":{"line":171,"column":42}},"type":"binary-expr","locations":[{"start":{"line":171,"column":20},"end":{"line":171,"column":26}},{"start":{"line":171,"column":30},"end":{"line":171,"column":42}}],"line":171},"37":{"loc":{"start":{"line":176,"column":12},"end":{"line":180,"column":13}},"type":"if","locations":[{"start":{"line":176,"column":12},"end":{"line":180,"column":13}},{"start":{},"end":{}}],"line":176},"38":{"loc":{"start":{"line":186,"column":12},"end":{"line":189,"column":13}},"type":"if","locations":[{"start":{"line":186,"column":12},"end":{"line":189,"column":13}},{"start":{},"end":{}}],"line":186},"39":{"loc":{"start":{"line":216,"column":8},"end":{"line":224,"column":9}},"type":"if","locations":[{"start":{"line":216,"column":8},"end":{"line":224,"column":9}},{"start":{},"end":{}}],"line":216},"40":{"loc":{"start":{"line":217,"column":12},"end":{"line":223,"column":13}},"type":"if","locations":[{"start":{"line":217,"column":12},"end":{"line":223,"column":13}},{"start":{"line":220,"column":19},"end":{"line":223,"column":13}}],"line":217},"41":{"loc":{"start":{"line":226,"column":8},"end":{"line":231,"column":9}},"type":"if","locations":[{"start":{"line":226,"column":8},"end":{"line":231,"column":9}},{"start":{},"end":{}}],"line":226},"42":{"loc":{"start":{"line":227,"column":27},"end":{"line":227,"column":102}},"type":"binary-expr","locations":[{"start":{"line":227,"column":27},"end":{"line":227,"column":38}},{"start":{"line":227,"column":43},"end":{"line":227,"column":101}}],"line":227},"43":{"loc":{"start":{"line":227,"column":43},"end":{"line":227,"column":101}},"type":"cond-expr","locations":[{"start":{"line":227,"column":75},"end":{"line":227,"column":94}},{"start":{"line":227,"column":97},"end":{"line":227,"column":101}}],"line":227},"44":{"loc":{"start":{"line":228,"column":26},"end":{"line":228,"column":70}},"type":"cond-expr","locations":[{"start":{"line":228,"column":35},"end":{"line":228,"column":66}},{"start":{"line":228,"column":69},"end":{"line":228,"column":70}}],"line":228},"45":{"loc":{"start":{"line":229,"column":24},"end":{"line":229,"column":63}},"type":"cond-expr","locations":[{"start":{"line":229,"column":33},"end":{"line":229,"column":59}},{"start":{"line":229,"column":62},"end":{"line":229,"column":63}}],"line":229},"46":{"loc":{"start":{"line":242,"column":8},"end":{"line":244,"column":9}},"type":"if","locations":[{"start":{"line":242,"column":8},"end":{"line":244,"column":9}},{"start":{},"end":{}}],"line":242},"47":{"loc":{"start":{"line":243,"column":40},"end":{"line":243,"column":70}},"type":"cond-expr","locations":[{"start":{"line":243,"column":54},"end":{"line":243,"column":61}},{"start":{"line":243,"column":64},"end":{"line":243,"column":70}}],"line":243},"48":{"loc":{"start":{"line":245,"column":8},"end":{"line":247,"column":9}},"type":"if","locations":[{"start":{"line":245,"column":8},"end":{"line":247,"column":9}},{"start":{},"end":{}}],"line":245},"49":{"loc":{"start":{"line":248,"column":8},"end":{"line":250,"column":9}},"type":"if","locations":[{"start":{"line":248,"column":8},"end":{"line":250,"column":9}},{"start":{},"end":{}}],"line":248},"50":{"loc":{"start":{"line":249,"column":34},"end":{"line":249,"column":58}},"type":"binary-expr","locations":[{"start":{"line":249,"column":34},"end":{"line":249,"column":41}},{"start":{"line":249,"column":45},"end":{"line":249,"column":58}}],"line":249},"51":{"loc":{"start":{"line":254,"column":8},"end":{"line":256,"column":9}},"type":"if","locations":[{"start":{"line":254,"column":8},"end":{"line":256,"column":9}},{"start":{},"end":{}}],"line":254},"52":{"loc":{"start":{"line":254,"column":12},"end":{"line":254,"column":31}},"type":"binary-expr","locations":[{"start":{"line":254,"column":12},"end":{"line":254,"column":20}},{"start":{"line":254,"column":24},"end":{"line":254,"column":31}}],"line":254},"53":{"loc":{"start":{"line":263,"column":23},"end":{"line":263,"column":98}},"type":"binary-expr","locations":[{"start":{"line":263,"column":23},"end":{"line":263,"column":34}},{"start":{"line":263,"column":39},"end":{"line":263,"column":97}}],"line":263},"54":{"loc":{"start":{"line":263,"column":39},"end":{"line":263,"column":97}},"type":"cond-expr","locations":[{"start":{"line":263,"column":71},"end":{"line":263,"column":90}},{"start":{"line":263,"column":93},"end":{"line":263,"column":97}}],"line":263},"55":{"loc":{"start":{"line":266,"column":8},"end":{"line":266,"column":41}},"type":"if","locations":[{"start":{"line":266,"column":8},"end":{"line":266,"column":41}},{"start":{},"end":{}}],"line":266},"56":{"loc":{"start":{"line":266,"column":12},"end":{"line":266,"column":32}},"type":"binary-expr","locations":[{"start":{"line":266,"column":12},"end":{"line":266,"column":21}},{"start":{"line":266,"column":25},"end":{"line":266,"column":32}}],"line":266},"57":{"loc":{"start":{"line":268,"column":8},"end":{"line":279,"column":9}},"type":"if","locations":[{"start":{"line":268,"column":8},"end":{"line":279,"column":9}},{"start":{"line":276,"column":15},"end":{"line":279,"column":9}}],"line":268},"58":{"loc":{"start":{"line":270,"column":31},"end":{"line":272,"column":20}},"type":"cond-expr","locations":[{"start":{"line":271,"column":18},"end":{"line":271,"column":147}},{"start":{"line":272,"column":18},"end":{"line":272,"column":20}}],"line":270},"59":{"loc":{"start":{"line":288,"column":8},"end":{"line":290,"column":9}},"type":"if","locations":[{"start":{"line":288,"column":8},"end":{"line":290,"column":9}},{"start":{},"end":{}}],"line":288},"60":{"loc":{"start":{"line":289,"column":32},"end":{"line":289,"column":58}},"type":"cond-expr","locations":[{"start":{"line":289,"column":42},"end":{"line":289,"column":49}},{"start":{"line":289,"column":52},"end":{"line":289,"column":58}}],"line":289},"61":{"loc":{"start":{"line":299,"column":36},"end":{"line":299,"column":65}},"type":"cond-expr","locations":[{"start":{"line":299,"column":49},"end":{"line":299,"column":56}},{"start":{"line":299,"column":59},"end":{"line":299,"column":65}}],"line":299},"62":{"loc":{"start":{"line":305,"column":0},"end":{"line":307,"column":1}},"type":"if","locations":[{"start":{"line":305,"column":0},"end":{"line":307,"column":1}},{"start":{},"end":{}}],"line":305},"63":{"loc":{"start":{"line":305,"column":4},"end":{"line":305,"column":51}},"type":"binary-expr","locations":[{"start":{"line":305,"column":4},"end":{"line":305,"column":33}},{"start":{"line":305,"column":37},"end":{"line":305,"column":51}}],"line":305},"64":{"loc":{"start":{"line":308,"column":0},"end":{"line":322,"column":1}},"type":"if","locations":[{"start":{"line":308,"column":0},"end":{"line":322,"column":1}},{"start":{},"end":{}}],"line":308},"65":{"loc":{"start":{"line":310,"column":31},"end":{"line":310,"column":92}},"type":"cond-expr","locations":[{"start":{"line":310,"column":69},"end":{"line":310,"column":81}},{"start":{"line":310,"column":84},"end":{"line":310,"column":92}}],"line":310},"66":{"loc":{"start":{"line":311,"column":31},"end":{"line":311,"column":92}},"type":"cond-expr","locations":[{"start":{"line":311,"column":69},"end":{"line":311,"column":81}},{"start":{"line":311,"column":84},"end":{"line":311,"column":92}}],"line":311}},"s":{"0":89,"1":89,"2":89,"3":89,"4":89,"5":89,"6":89,"7":89,"8":2,"9":2,"10":87,"11":87,"12":87,"13":87,"14":87,"15":89,"16":89,"17":89,"18":89,"19":87,"20":2,"21":1,"22":89,"23":87,"24":2,"25":1,"26":89,"27":87,"28":1,"29":25,"30":25,"31":17,"32":2,"33":2,"34":15,"35":15,"36":15,"37":2,"38":8,"39":8,"40":7,"41":8,"42":1,"43":23,"44":23,"45":23,"46":23,"47":22,"48":23,"49":28,"50":28,"51":28,"52":27,"53":27,"54":27,"55":28,"56":27,"57":27,"58":27,"59":12,"60":12,"61":12,"62":1,"63":1,"64":11,"65":11,"66":11,"67":11,"68":11,"69":8,"70":8,"71":6,"72":11,"73":6,"74":6,"75":6,"76":5,"77":5,"78":5,"79":2,"80":2,"81":3,"82":3,"83":3,"84":3,"85":2,"86":2,"87":2,"88":1,"89":1,"90":7,"91":7,"92":7,"93":6,"94":2,"95":2,"96":4,"97":4,"98":7,"99":6,"100":6,"101":6,"102":6,"103":40,"104":40,"105":40,"106":40,"107":39,"108":40,"109":39,"110":40,"111":39,"112":40,"113":40,"114":37,"115":10,"116":10,"117":10,"118":2,"119":8,"120":7,"121":7,"122":7,"123":7,"124":7,"125":1,"126":1,"127":22,"128":22,"129":21,"130":28,"131":28,"132":78,"133":2,"134":2,"135":2,"136":2,"137":2,"138":2,"139":1,"140":1,"141":1,"142":1,"143":1,"144":2},"f":{"0":89,"1":89,"2":89,"3":2,"4":2,"5":1,"6":25,"7":28,"8":12,"9":3,"10":7,"11":40,"12":10,"13":22,"14":28,"15":78,"16":1,"17":1},"b":{"0":[2,87],"1":[87,2],"2":[1,1],"3":[87,2],"4":[1,1],"5":[87,2],"6":[25,4],"7":[4,0],"8":[17,8],"9":[2,15],"10":[17,15],"11":[2,13],"12":[15,15],"13":[7,1],"14":[1,7],"15":[8,8],"16":[22,1],"17":[14,8],"18":[15,8],"19":[27,1],"20":[17,10],"21":[17,10],"22":[17,10],"23":[27,1],"24":[17,10],"25":[17,10],"26":[17,10],"27":[12,2],"28":[2,0],"29":[12,2],"30":[2,0],"31":[1,11],"32":[12,11],"33":[8,3],"34":[11,11,9],"35":[6,2],"36":[8,7],"37":[6,5],"38":[2,3],"39":[6,1],"40":[2,4],"41":[6,1],"42":[6,5],"43":[5,0],"44":[2,4],"45":[2,4],"46":[39,1],"47":[17,22],"48":[39,1],"49":[39,1],"50":[39,2],"51":[37,3],"52":[40,39],"53":[10,2],"54":[2,0],"55":[2,8],"56":[10,9],"57":[7,1],"58":[2,5],"59":[21,1],"60":[20,1],"61":[27,51],"62":[2,0],"63":[2,2],"64":[2,0],"65":[1,1],"66":[1,1]},"_coverageSchema":"1a1c01bbd47fc00a2c39e90264f33305004495a9","hash":"887a4fb25bd7a95a13d66277ed5c5967d11fbcaa"}
}
