TN:
SF:app/ai-auto-mode-ui.js
FN:7,(anonymous_0)
FN:22,(anonymous_1)
FN:69,(anonymous_2)
FN:75,(anonymous_3)
FN:81,(anonymous_4)
FN:87,(anonymous_5)
FN:94,(anonymous_6)
FN:132,(anonymous_7)
FN:152,(anonymous_8)
FN:194,(anonymous_9)
FN:212,(anonymous_10)
FN:237,(anonymous_11)
FN:262,(anonymous_12)
FN:286,(anonymous_13)
FN:296,(anonymous_14)
FN:298,(anonymous_15)
FN:314,(anonymous_16)
FN:315,(anonymous_17)
FNF:18
FNH:18
FNDA:89,(anonymous_0)
FNDA:89,(anonymous_1)
FNDA:89,(anonymous_2)
FNDA:2,(anonymous_3)
FNDA:2,(anonymous_4)
FNDA:1,(anonymous_5)
FNDA:25,(anonymous_6)
FNDA:28,(anonymous_7)
FNDA:12,(anonymous_8)
FNDA:3,(anonymous_9)
FNDA:7,(anonymous_10)
FNDA:40,(anonymous_11)
FNDA:10,(anonymous_12)
FNDA:22,(anonymous_13)
FNDA:28,(anonymous_14)
FNDA:78,(anonymous_15)
FNDA:1,(anonymous_16)
FNDA:1,(anonymous_17)
DA:8,89
DA:9,89
DA:10,89
DA:12,89
DA:13,89
DA:15,89
DA:23,89
DA:24,89
DA:25,2
DA:26,2
DA:29,87
DA:30,87
DA:31,87
DA:32,87
DA:66,87
DA:70,89
DA:71,89
DA:72,89
DA:74,89
DA:75,87
DA:76,2
DA:80,89
DA:81,87
DA:82,2
DA:86,89
DA:87,87
DA:95,25
DA:97,25
DA:99,17
DA:100,2
DA:101,2
DA:104,15
DA:105,15
DA:108,15
DA:109,2
DA:113,8
DA:114,8
DA:116,8
DA:117,1
DA:121,23
DA:122,23
DA:124,23
DA:125,23
DA:126,22
DA:129,23
DA:133,28
DA:134,28
DA:136,28
DA:137,27
DA:138,27
DA:139,27
DA:142,28
DA:143,27
DA:144,27
DA:145,27
DA:153,12
DA:154,12
DA:156,12
DA:157,1
DA:158,1
DA:162,11
DA:163,11
DA:165,11
DA:166,11
DA:169,11
DA:170,8
DA:171,8
DA:172,6
DA:176,11
DA:177,6
DA:178,6
DA:179,6
DA:182,5
DA:184,5
DA:186,5
DA:187,2
DA:188,2
DA:191,3
DA:194,3
DA:195,3
DA:197,2
DA:199,2
DA:201,2
DA:204,1
DA:205,1
DA:213,7
DA:214,7
DA:216,7
DA:217,6
DA:218,2
DA:219,2
DA:221,4
DA:222,4
DA:226,7
DA:227,6
DA:228,6
DA:229,6
DA:230,6
DA:238,40
DA:239,40
DA:240,40
DA:242,40
DA:243,39
DA:245,40
DA:246,39
DA:248,40
DA:249,39
DA:253,40
DA:254,40
DA:255,37
DA:263,10
DA:264,10
DA:266,10
DA:268,8
DA:269,7
DA:270,7
DA:273,7
DA:274,7
DA:275,7
DA:277,1
DA:278,1
DA:287,22
DA:288,22
DA:289,21
DA:297,28
DA:298,28
DA:299,78
DA:305,2
DA:306,2
DA:308,2
DA:310,2
DA:311,2
DA:314,2
DA:315,1
DA:316,1
DA:317,1
DA:318,1
DA:319,1
DA:324,2
LF:139
LH:139
BRDA:24,0,0,2
BRDA:24,0,1,87
BRDA:74,1,0,87
BRDA:74,1,1,2
BRDA:76,2,0,1
BRDA:76,2,1,1
BRDA:80,3,0,87
BRDA:80,3,1,2
BRDA:82,4,0,1
BRDA:82,4,1,1
BRDA:86,5,0,87
BRDA:86,5,1,2
BRDA:95,6,0,25
BRDA:95,6,1,4
BRDA:95,7,0,4
BRDA:95,7,1,0
BRDA:97,8,0,17
BRDA:97,8,1,8
BRDA:99,9,0,2
BRDA:99,9,1,15
BRDA:99,10,0,17
BRDA:99,10,1,15
BRDA:108,11,0,2
BRDA:108,11,1,13
BRDA:108,12,0,15
BRDA:108,12,1,15
BRDA:114,13,0,7
BRDA:114,13,1,1
BRDA:116,14,0,1
BRDA:116,14,1,7
BRDA:116,15,0,8
BRDA:116,15,1,8
BRDA:125,16,0,22
BRDA:125,16,1,1
BRDA:126,17,0,14
BRDA:126,17,1,8
BRDA:129,18,0,15
BRDA:129,18,1,8
BRDA:136,19,0,27
BRDA:136,19,1,1
BRDA:137,20,0,17
BRDA:137,20,1,10
BRDA:138,21,0,17
BRDA:138,21,1,10
BRDA:139,22,0,17
BRDA:139,22,1,10
BRDA:142,23,0,27
BRDA:142,23,1,1
BRDA:143,24,0,17
BRDA:143,24,1,10
BRDA:144,25,0,17
BRDA:144,25,1,10
BRDA:145,26,0,17
BRDA:145,26,1,10
BRDA:153,27,0,12
BRDA:153,27,1,2
BRDA:153,28,0,2
BRDA:153,28,1,0
BRDA:154,29,0,12
BRDA:154,29,1,2
BRDA:154,30,0,2
BRDA:154,30,1,0
BRDA:156,31,0,1
BRDA:156,31,1,11
BRDA:156,32,0,12
BRDA:156,32,1,11
BRDA:169,33,0,8
BRDA:169,33,1,3
BRDA:169,34,0,11
BRDA:169,34,1,11
BRDA:169,34,2,9
BRDA:171,35,0,6
BRDA:171,35,1,2
BRDA:171,36,0,8
BRDA:171,36,1,7
BRDA:176,37,0,6
BRDA:176,37,1,5
BRDA:186,38,0,2
BRDA:186,38,1,3
BRDA:216,39,0,6
BRDA:216,39,1,1
BRDA:217,40,0,2
BRDA:217,40,1,4
BRDA:226,41,0,6
BRDA:226,41,1,1
BRDA:227,42,0,6
BRDA:227,42,1,5
BRDA:227,43,0,5
BRDA:227,43,1,0
BRDA:228,44,0,2
BRDA:228,44,1,4
BRDA:229,45,0,2
BRDA:229,45,1,4
BRDA:242,46,0,39
BRDA:242,46,1,1
BRDA:243,47,0,17
BRDA:243,47,1,22
BRDA:245,48,0,39
BRDA:245,48,1,1
BRDA:248,49,0,39
BRDA:248,49,1,1
BRDA:249,50,0,39
BRDA:249,50,1,2
BRDA:254,51,0,37
BRDA:254,51,1,3
BRDA:254,52,0,40
BRDA:254,52,1,39
BRDA:263,53,0,10
BRDA:263,53,1,2
BRDA:263,54,0,2
BRDA:263,54,1,0
BRDA:266,55,0,2
BRDA:266,55,1,8
BRDA:266,56,0,10
BRDA:266,56,1,9
BRDA:268,57,0,7
BRDA:268,57,1,1
BRDA:270,58,0,2
BRDA:270,58,1,5
BRDA:288,59,0,21
BRDA:288,59,1,1
BRDA:289,60,0,20
BRDA:289,60,1,1
BRDA:299,61,0,27
BRDA:299,61,1,51
BRDA:305,62,0,2
BRDA:305,62,1,0
BRDA:305,63,0,2
BRDA:305,63,1,2
BRDA:308,64,0,2
BRDA:308,64,1,0
BRDA:310,65,0,1
BRDA:310,65,1,1
BRDA:311,66,0,1
BRDA:311,66,1,1
BRF:135
BRH:128
end_of_record
