TN:
SF:tests/test-setup.js
FN:15,setupDOM
FN:85,loadRendererSource
FN:97,loadRendererFunctions
FN:192,loadMoneyPanelSource
FN:203,createMoneyPanel
FNF:5
FNH:5
FNDA:663,setupDOM
FNDA:78,loadRendererSource
FNDA:78,loadRendererFunctions
FNDA:159,loadMoneyPanelSource
FNDA:159,createMoneyPanel
DA:9,16
DA:10,16
DA:16,663
DA:86,78
DA:90,78
DA:98,78
DA:101,78
DA:102,78
DA:178,78
DA:179,78
DA:180,78
DA:182,0
DA:186,78
DA:193,159
DA:197,159
DA:205,159
DA:207,159
DA:210,159
DA:223,159
DA:224,159
DA:225,159
DA:227,0
DA:228,0
DA:232,16
LF:24
LH:21
BRF:0
BRH:0
end_of_record
